
> @newsletter/web@0.0.1 test:e2e /Users/amankumar/Documents/newsletter/.worktrees/archive-keyword-search/packages/web
> playwright test


Running 32 tests using 4 workers

  -   1 [chromium] › tests/e2e/review-add-post.spec.ts:5:1 › add a post via URL and see it appended (REQ-020, REQ-021)
  -   2 [chromium] › tests/e2e/review-reorder.spec.ts:7:1 › drag reorder updates the rendered order (REQ-121, REQ-122)
  -   3 [chromium] › tests/e2e/review-save.spec.ts:5:1 › save & view archive navigates to /archive/:runId (REQ-151)
  ✓   6 [chromium] › tests/e2e/archive-search.spec.ts:15:1 › VS-7: empty state when query has no matches (1.6s)
  ✓   7 [chromium] › tests/e2e/analytics-seeded.spec.ts:145:3 › admin analytics — seeded non-zero data (REQ-029) › metric cards render expected counts for the seeded window (1.7s)
  -   8 [chromium] › tests/e2e/archive-search.spec.ts:25:1 › VS-8: type → results filter → clear restores list
  ✓  10 [chromium] › tests/e2e/archive-search.spec.ts:59:1 › VS-9: open date chip → pick preset → apply updates URL (538ms)
  ✓   9 [chromium] › tests/e2e/analytics-seeded.spec.ts:225:3 › admin analytics — seeded non-zero data (REQ-029) › granularity selector switches without breaking render (REQ-029) (569ms)
  ✓  11 [chromium] › tests/e2e/analytics-seeded.spec.ts:234:3 › admin analytics — seeded non-zero data (REQ-029) › from > to date range returns 400 (EDGE-017) (41ms)
  ✓  13 [chromium] › tests/e2e/analytics-seeded.spec.ts:242:3 › admin analytics — seeded non-zero data (REQ-029) › date range BEFORE seeded data yields zero counts for our marker (84ms)
  ✓  14 [chromium] › tests/e2e/subscribe.spec.ts:14:3 › subscribe flow › homepage subscribe widget submits and shows success state (484ms)
  ✓  15 [chromium] › tests/e2e/subscribe.spec.ts:36:3 › subscribe flow › submit button is disabled until consent checkbox is checked (408ms)
  ✓  16 [chromium] › tests/e2e/subscribe.spec.ts:49:3 › subscribe flow › subscribe widget appears at the bottom of an archive detail page (432ms)
  ✓  17 [chromium] › tests/e2e/subscribe.spec.ts:79:3 › subscribe nav link › nav Subscribe link scrolls to widget on / (836ms)
  ✓  12 [chromium] › tests/e2e/subscribe-tokens.spec.ts:74:3 › subscribe tokens — round trip › confirm token success path: pending -> confirmed (3.0s)
  ✓  18 [chromium] › tests/e2e/subscribe.spec.ts:96:3 › subscribe nav link › nav Subscribe link from /privacy navigates to /#subscribe and scrolls (676ms)
  ✓  20 [chromium] › tests/e2e/subscribe.spec.ts:109:3 › legal pages › privacy page renders policy heading and key sections (287ms)
  ✓  21 [chromium] › tests/e2e/subscribe.spec.ts:122:3 › legal pages › terms page renders terms heading and key sections (243ms)
  ✓  22 [chromium] › tests/e2e/subscribe.spec.ts:137:3 › confirm page status states › success status shows confirmed message (242ms)
  ✓   4 [chromium] › tests/e2e/subscribe-full-flow.spec.ts:45:3 › subscribe full flow — UI -> API -> token -> confirm (REQ-003 + REQ-005) › submits via the homepage widget, persists pending row, confirms via token (6.2s)
  ✓  23 [chromium] › tests/e2e/subscribe.spec.ts:144:3 › confirm page status states › expired status shows expired message (244ms)
  ✓  24 [chromium] › tests/e2e/subscribe.spec.ts:151:3 › confirm page status states › invalid status shows invalid message (257ms)
  ✓  25 [chromium] › tests/e2e/subscribe.spec.ts:160:3 › unsubscribe page › success status shows unsubscribed confirmation (263ms)
  ✓  26 [chromium] › tests/e2e/subscribe.spec.ts:172:3 › admin analytics page › redirects to login when unauthenticated (347ms)
  ✓  19 [chromium] › tests/e2e/subscribe-tokens.spec.ts:97:3 › subscribe tokens — round trip › confirm token invalid -> /confirm?status=invalid (2.4s)
  ✓  27 [chromium] › tests/e2e/subscribe.spec.ts:181:3 › admin analytics page › renders metric cards and date controls when logged in (636ms)
  ✓  28 [chromium] › tests/e2e/subscribe-tokens.spec.ts:103:3 › subscribe tokens — round trip › confirm token expired -> /confirm?status=expired (REQ-007 / EDGE-003) (2.5s)
  ✓  29 [chromium] › tests/e2e/subscribe-tokens.spec.ts:131:3 › subscribe tokens — round trip › unsubscribe token success: confirmed -> unsubscribed (REQ-015) (2.5s)
  ✓  30 [chromium] › tests/e2e/subscribe-tokens.spec.ts:149:3 › subscribe tokens — round trip › already-confirmed re-confirm is idempotent success (EDGE-004) (2.5s)
  ✓  31 [chromium] › tests/e2e/subscribe-tokens.spec.ts:166:3 › subscribe tokens — round trip › unsubscribe token wrong-type / tampered HMAC redirects to success but does NOT change status (REQ-017 / EDGE-012) (2.4s)
  ✘   5 [chromium] › tests/e2e/archive.spec.ts:9:1 › submit run and view archive page (6.0m)
  ✘  32 [chromium] › tests/e2e/archive.spec.ts:47:1 › archive page shows not-found for nonexistent run (10.4s)


  1) [chromium] › tests/e2e/archive.spec.ts:9:1 › submit run and view archive page ─────────────────

    [31mTest timeout of 360000ms exceeded.[39m

    Error: page.fill: Test timeout of 360000ms exceeded.
    Call log:
    [2m  - waiting for locator('input[type="number"][name="hn.count"]')[22m


      14 |
      15 |   // Reduce HN count to minimum to make the run fast
    > 16 |   await page.fill('input[type="number"][name="hn.count"]', "20");
         |              ^
      17 |
      18 |   // Click the Run button to submit
      19 |   await page.getByRole("button", { name: /^run$/i }).click();
        at /Users/amankumar/Documents/newsletter/.worktrees/archive-keyword-search/packages/web/tests/e2e/archive.spec.ts:16:14

    Error Context: test-results/archive-submit-run-and-view-archive-page-chromium/error-context.md

  2) [chromium] › tests/e2e/archive.spec.ts:47:1 › archive page shows not-found for nonexistent run 

    Error: [2mexpect([22m[31mlocator[39m[2m).[22mtoBeVisible[2m([22m[2m)[22m failed

    Locator: getByText('Run not found — it may have expired.')
    Expected: visible
    Timeout: 10000ms
    Error: element(s) not found

    Call log:
    [2m  - Expect "toBeVisible" with timeout 10000ms[22m
    [2m  - waiting for getByText('Run not found — it may have expired.')[22m


      49 |   await expect(
      50 |     page.getByText("Run not found — it may have expired.")
    > 51 |   ).toBeVisible({ timeout: 10_000 });
         |     ^
      52 | });
      53 |
        at /Users/amankumar/Documents/newsletter/.worktrees/archive-keyword-search/packages/web/tests/e2e/archive.spec.ts:51:5

    Error Context: test-results/archive-archive-page-shows-not-found-for-nonexistent-run-chromium/error-context.md

  2 failed
    [chromium] › tests/e2e/archive.spec.ts:9:1 › submit run and view archive page ──────────────────
    [chromium] › tests/e2e/archive.spec.ts:47:1 › archive page shows not-found for nonexistent run ─
  4 skipped
  26 passed (6.2m)
/Users/amankumar/Documents/newsletter/.worktrees/archive-keyword-search/packages/web:
 ERR_PNPM_RECURSIVE_RUN_FIRST_FAIL  @newsletter/web@0.0.1 test:e2e: `playwright test`
Exit status 1
